20-12-2016 11:27:30  FATAL   CRASH HANDLED; Application has crashed due to [SIGSEGV] signal (at /Users/OndrejPittl/ZCU/All-Over-Again/aoa_server/libs/easylogging++.h:5627, thrd: )
20-12-2016 11:27:30  WARN    Aborting application. Reason: Fatal log at [/Users/OndrejPittl/ZCU/All-Over-Again/aoa_server/libs/easylogging++.h:5627] (at /Users/OndrejPittl/ZCU/All-Over-Again/aoa_server/libs/easylogging++.h:5627, thrd: )
20-12-2016 11:32:40  INFO    ------ Starting server ------- (at /Users/OndrejPittl/ZCU/All-Over-Again/aoa_server/core/Logger.cpp:68, thrd: )
20-12-2016 11:32:40  INFO    Input args are OK! (at /Users/OndrejPittl/ZCU/All-Over-Again/aoa_server/core/Logger.cpp:68, thrd: )
20-12-2016 11:32:40  INFO    ConnectionManager is initialized. (at /Users/OndrejPittl/ZCU/All-Over-Again/aoa_server/core/Logger.cpp:68, thrd: )
20-12-2016 11:32:40  INFO    CommunicationManager is initialized. (at /Users/OndrejPittl/ZCU/All-Over-Again/aoa_server/core/Logger.cpp:68, thrd: )
20-12-2016 11:32:40  INFO    Server is listening on port 23456. (at /Users/OndrejPittl/ZCU/All-Over-Again/aoa_server/core/Logger.cpp:68, thrd: )
20-12-2016 11:32:40  FATAL   CRASH HANDLED; Application has crashed due to [SIGSEGV] signal (at /Users/OndrejPittl/ZCU/All-Over-Again/aoa_server/libs/easylogging++.h:5627, thrd: )
20-12-2016 11:32:40  WARN    Aborting application. Reason: Fatal log at [/Users/OndrejPittl/ZCU/All-Over-Again/aoa_server/libs/easylogging++.h:5627] (at /Users/OndrejPittl/ZCU/All-Over-Again/aoa_server/libs/easylogging++.h:5627, thrd: )
20-12-2016 11:32:52  INFO    ------ Starting server ------- (at /Users/OndrejPittl/ZCU/All-Over-Again/aoa_server/core/Logger.cpp:68, thrd: )
20-12-2016 11:32:52  INFO    Input args are OK! (at /Users/OndrejPittl/ZCU/All-Over-Again/aoa_server/core/Logger.cpp:68, thrd: )
20-12-2016 11:32:52  INFO    ConnectionManager is initialized. (at /Users/OndrejPittl/ZCU/All-Over-Again/aoa_server/core/Logger.cpp:68, thrd: )
20-12-2016 11:32:52  INFO    CommunicationManager is initialized. (at /Users/OndrejPittl/ZCU/All-Over-Again/aoa_server/core/Logger.cpp:68, thrd: )
20-12-2016 11:32:52  INFO    Server is listening on port 23456. (at /Users/OndrejPittl/ZCU/All-Over-Again/aoa_server/core/Logger.cpp:68, thrd: )
20-12-2016 11:32:52  FATAL   CRASH HANDLED; Application has crashed due to [SIGSEGV] signal (at /Users/OndrejPittl/ZCU/All-Over-Again/aoa_server/libs/easylogging++.h:5627, thrd: )
20-12-2016 11:32:52  WARN    Aborting application. Reason: Fatal log at [/Users/OndrejPittl/ZCU/All-Over-Again/aoa_server/libs/easylogging++.h:5627] (at /Users/OndrejPittl/ZCU/All-Over-Again/aoa_server/libs/easylogging++.h:5627, thrd: )
20-12-2016 11:33:08  INFO    ------ Starting server ------- (at /Users/OndrejPittl/ZCU/All-Over-Again/aoa_server/core/Logger.cpp:68, thrd: )
20-12-2016 11:33:08  INFO    Input args are OK! (at /Users/OndrejPittl/ZCU/All-Over-Again/aoa_server/core/Logger.cpp:68, thrd: )
20-12-2016 11:33:08  INFO    ConnectionManager is initialized. (at /Users/OndrejPittl/ZCU/All-Over-Again/aoa_server/core/Logger.cpp:68, thrd: )
20-12-2016 11:33:08  INFO    CommunicationManager is initialized. (at /Users/OndrejPittl/ZCU/All-Over-Again/aoa_server/core/Logger.cpp:68, thrd: )
20-12-2016 11:33:08  INFO    Server is listening on port 23456. (at /Users/OndrejPittl/ZCU/All-Over-Again/aoa_server/core/Logger.cpp:68, thrd: )
20-12-2016 11:33:08  FATAL   CRASH HANDLED; Application has crashed due to [SIGSEGV] signal (at /Users/OndrejPittl/ZCU/All-Over-Again/aoa_server/libs/easylogging++.h:5627, thrd: )
20-12-2016 11:33:08  WARN    Aborting application. Reason: Fatal log at [/Users/OndrejPittl/ZCU/All-Over-Again/aoa_server/libs/easylogging++.h:5627] (at /Users/OndrejPittl/ZCU/All-Over-Again/aoa_server/libs/easylogging++.h:5627, thrd: )
20-12-2016 11:36:11  INFO    ------ Starting server ------- (at /Users/OndrejPittl/ZCU/All-Over-Again/aoa_server/core/Logger.cpp:68, thrd: )
20-12-2016 11:36:11  INFO    Input args are OK! (at /Users/OndrejPittl/ZCU/All-Over-Again/aoa_server/core/Logger.cpp:68, thrd: )
20-12-2016 11:36:11  INFO    ConnectionManager is initialized. (at /Users/OndrejPittl/ZCU/All-Over-Again/aoa_server/core/Logger.cpp:68, thrd: )
20-12-2016 11:36:11  INFO    CommunicationManager is initialized. (at /Users/OndrejPittl/ZCU/All-Over-Again/aoa_server/core/Logger.cpp:68, thrd: )
20-12-2016 11:36:11  INFO    Server is listening on port 23456. (at /Users/OndrejPittl/ZCU/All-Over-Again/aoa_server/core/Logger.cpp:68, thrd: )
20-12-2016 11:36:11  FATAL   CRASH HANDLED; Application has crashed due to [SIGSEGV] signal (at /Users/OndrejPittl/ZCU/All-Over-Again/aoa_server/libs/easylogging++.h:5627, thrd: )
20-12-2016 11:36:11  WARN    Aborting application. Reason: Fatal log at [/Users/OndrejPittl/ZCU/All-Over-Again/aoa_server/libs/easylogging++.h:5627] (at /Users/OndrejPittl/ZCU/All-Over-Again/aoa_server/libs/easylogging++.h:5627, thrd: )
20-12-2016 11:36:22  INFO    ------ Starting server ------- (at /Users/OndrejPittl/ZCU/All-Over-Again/aoa_server/core/Logger.cpp:68, thrd: )
20-12-2016 11:36:22  INFO    Input args are OK! (at /Users/OndrejPittl/ZCU/All-Over-Again/aoa_server/core/Logger.cpp:68, thrd: )
20-12-2016 11:36:22  INFO    ConnectionManager is initialized. (at /Users/OndrejPittl/ZCU/All-Over-Again/aoa_server/core/Logger.cpp:68, thrd: )
20-12-2016 11:36:22  INFO    CommunicationManager is initialized. (at /Users/OndrejPittl/ZCU/All-Over-Again/aoa_server/core/Logger.cpp:68, thrd: )
20-12-2016 11:36:22  INFO    Server is listening on port 23456. (at /Users/OndrejPittl/ZCU/All-Over-Again/aoa_server/core/Logger.cpp:68, thrd: )
20-12-2016 11:36:22  FATAL   CRASH HANDLED; Application has crashed due to [SIGSEGV] signal (at /Users/OndrejPittl/ZCU/All-Over-Again/aoa_server/libs/easylogging++.h:5627, thrd: )
20-12-2016 11:36:22  WARN    Aborting application. Reason: Fatal log at [/Users/OndrejPittl/ZCU/All-Over-Again/aoa_server/libs/easylogging++.h:5627] (at /Users/OndrejPittl/ZCU/All-Over-Again/aoa_server/libs/easylogging++.h:5627, thrd: )
20-12-2016 11:39:42  INFO    ------ Starting server ------- (at /Users/OndrejPittl/ZCU/All-Over-Again/aoa_server/core/Logger.cpp:68, thrd: )
20-12-2016 11:39:42  INFO    Input args are OK! (at /Users/OndrejPittl/ZCU/All-Over-Again/aoa_server/core/Logger.cpp:68, thrd: )
20-12-2016 11:39:42  INFO    ConnectionManager is initialized. (at /Users/OndrejPittl/ZCU/All-Over-Again/aoa_server/core/Logger.cpp:68, thrd: )
20-12-2016 11:39:42  INFO    CommunicationManager is initialized. (at /Users/OndrejPittl/ZCU/All-Over-Again/aoa_server/core/Logger.cpp:68, thrd: )
20-12-2016 11:39:42  INFO    Server is listening on port 23456. (at /Users/OndrejPittl/ZCU/All-Over-Again/aoa_server/core/Logger.cpp:68, thrd: )
20-12-2016 11:39:42  FATAL   CRASH HANDLED; Application has crashed due to [SIGSEGV] signal (at /Users/OndrejPittl/ZCU/All-Over-Again/aoa_server/libs/easylogging++.h:5627, thrd: )
20-12-2016 11:39:42  WARN    Aborting application. Reason: Fatal log at [/Users/OndrejPittl/ZCU/All-Over-Again/aoa_server/libs/easylogging++.h:5627] (at /Users/OndrejPittl/ZCU/All-Over-Again/aoa_server/libs/easylogging++.h:5627, thrd: )
20-12-2016 11:39:52  INFO    ------ Starting server ------- (at /Users/OndrejPittl/ZCU/All-Over-Again/aoa_server/core/Logger.cpp:68, thrd: )
20-12-2016 11:39:52  INFO    Input args are OK! (at /Users/OndrejPittl/ZCU/All-Over-Again/aoa_server/core/Logger.cpp:68, thrd: )
20-12-2016 11:39:52  INFO    ConnectionManager is initialized. (at /Users/OndrejPittl/ZCU/All-Over-Again/aoa_server/core/Logger.cpp:68, thrd: )
20-12-2016 11:39:52  INFO    CommunicationManager is initialized. (at /Users/OndrejPittl/ZCU/All-Over-Again/aoa_server/core/Logger.cpp:68, thrd: )
20-12-2016 11:39:52  INFO    Server is listening on port 23456. (at /Users/OndrejPittl/ZCU/All-Over-Again/aoa_server/core/Logger.cpp:68, thrd: )
20-12-2016 11:40:00  INFO    ------ Starting server ------- (at /Users/OndrejPittl/ZCU/All-Over-Again/aoa_server/core/Logger.cpp:68, thrd: )
20-12-2016 11:40:00  INFO    Input args are OK! (at /Users/OndrejPittl/ZCU/All-Over-Again/aoa_server/core/Logger.cpp:68, thrd: )
20-12-2016 11:40:00  INFO    ConnectionManager is initialized. (at /Users/OndrejPittl/ZCU/All-Over-Again/aoa_server/core/Logger.cpp:68, thrd: )
20-12-2016 11:40:00  INFO    CommunicationManager is initialized. (at /Users/OndrejPittl/ZCU/All-Over-Again/aoa_server/core/Logger.cpp:68, thrd: )
20-12-2016 11:40:00  INFO    Server is listening on port 23456. (at /Users/OndrejPittl/ZCU/All-Over-Again/aoa_server/core/Logger.cpp:68, thrd: )
20-12-2016 11:40:02  INFO    ------ Starting server ------- (at /Users/OndrejPittl/ZCU/All-Over-Again/aoa_server/core/Logger.cpp:68, thrd: )
20-12-2016 11:40:02  INFO    Input args are OK! (at /Users/OndrejPittl/ZCU/All-Over-Again/aoa_server/core/Logger.cpp:68, thrd: )
20-12-2016 11:40:02  INFO    ConnectionManager is initialized. (at /Users/OndrejPittl/ZCU/All-Over-Again/aoa_server/core/Logger.cpp:68, thrd: )
20-12-2016 11:40:02  INFO    CommunicationManager is initialized. (at /Users/OndrejPittl/ZCU/All-Over-Again/aoa_server/core/Logger.cpp:68, thrd: )
20-12-2016 11:40:02  INFO    Server is listening on port 23456. (at /Users/OndrejPittl/ZCU/All-Over-Again/aoa_server/core/Logger.cpp:68, thrd: )
20-12-2016 11:40:36  INFO    ------ Starting server ------- (at /Users/OndrejPittl/ZCU/All-Over-Again/aoa_server/core/Logger.cpp:68, thrd: )
20-12-2016 11:40:36  INFO    Input args are OK! (at /Users/OndrejPittl/ZCU/All-Over-Again/aoa_server/core/Logger.cpp:68, thrd: )
20-12-2016 11:40:36  INFO    ConnectionManager is initialized. (at /Users/OndrejPittl/ZCU/All-Over-Again/aoa_server/core/Logger.cpp:68, thrd: )
20-12-2016 11:40:36  INFO    CommunicationManager is initialized. (at /Users/OndrejPittl/ZCU/All-Over-Again/aoa_server/core/Logger.cpp:68, thrd: )
20-12-2016 11:40:36  INFO    Server is listening on port 23456. (at /Users/OndrejPittl/ZCU/All-Over-Again/aoa_server/core/Logger.cpp:68, thrd: )
20-12-2016 11:40:36  FATAL   CRASH HANDLED; Application has crashed due to [SIGSEGV] signal (at /Users/OndrejPittl/ZCU/All-Over-Again/aoa_server/libs/easylogging++.h:5627, thrd: )
20-12-2016 11:40:36  WARN    Aborting application. Reason: Fatal log at [/Users/OndrejPittl/ZCU/All-Over-Again/aoa_server/libs/easylogging++.h:5627] (at /Users/OndrejPittl/ZCU/All-Over-Again/aoa_server/libs/easylogging++.h:5627, thrd: )
20-12-2016 11:41:35  INFO    ------ Starting server ------- (at /Users/OndrejPittl/ZCU/All-Over-Again/aoa_server/core/Logger.cpp:68, thrd: )
20-12-2016 11:41:35  INFO    Input args are OK! (at /Users/OndrejPittl/ZCU/All-Over-Again/aoa_server/core/Logger.cpp:68, thrd: )
20-12-2016 11:41:35  INFO    ConnectionManager is initialized. (at /Users/OndrejPittl/ZCU/All-Over-Again/aoa_server/core/Logger.cpp:68, thrd: )
20-12-2016 11:41:35  INFO    CommunicationManager is initialized. (at /Users/OndrejPittl/ZCU/All-Over-Again/aoa_server/core/Logger.cpp:68, thrd: )
20-12-2016 11:41:35  INFO    Server is listening on port 23456. (at /Users/OndrejPittl/ZCU/All-Over-Again/aoa_server/core/Logger.cpp:68, thrd: )
20-12-2016 11:41:35  INFO    Server is waiting for a request... (at /Users/OndrejPittl/ZCU/All-Over-Again/aoa_server/core/Logger.cpp:68, thrd: )
20-12-2016 11:41:41  INFO    Server recognized a new request. (at /Users/OndrejPittl/ZCU/All-Over-Again/aoa_server/core/Logger.cpp:68, thrd: )
20-12-2016 11:41:41  INFO    New client connected to socket: 6. (at /Users/OndrejPittl/ZCU/All-Over-Again/aoa_server/core/Logger.cpp:68, thrd: )
20-12-2016 11:41:41  INFO    A client was disconnected and removed from the set. (at /Users/OndrejPittl/ZCU/All-Over-Again/aoa_server/core/Logger.cpp:68, thrd: )
20-12-2016 11:41:41  INFO    Server is waiting for a request... (at /Users/OndrejPittl/ZCU/All-Over-Again/aoa_server/core/Logger.cpp:68, thrd: )
20-12-2016 11:41:51  INFO    Server recognized a new request. (at /Users/OndrejPittl/ZCU/All-Over-Again/aoa_server/core/Logger.cpp:68, thrd: )
20-12-2016 11:41:51  INFO    New client connected to socket: 6. (at /Users/OndrejPittl/ZCU/All-Over-Again/aoa_server/core/Logger.cpp:68, thrd: )
20-12-2016 11:41:51  INFO    A client was disconnected and removed from the set. (at /Users/OndrejPittl/ZCU/All-Over-Again/aoa_server/core/Logger.cpp:68, thrd: )
20-12-2016 11:41:51  INFO    Server is waiting for a request... (at /Users/OndrejPittl/ZCU/All-Over-Again/aoa_server/core/Logger.cpp:68, thrd: )
20-12-2016 11:42:27  INFO    ------ Starting server ------- (at /Users/OndrejPittl/ZCU/All-Over-Again/aoa_server/core/Logger.cpp:68, thrd: )
20-12-2016 11:42:27  INFO    Input args are OK! (at /Users/OndrejPittl/ZCU/All-Over-Again/aoa_server/core/Logger.cpp:68, thrd: )
20-12-2016 11:42:27  INFO    ConnectionManager is initialized. (at /Users/OndrejPittl/ZCU/All-Over-Again/aoa_server/core/Logger.cpp:68, thrd: )
20-12-2016 11:42:27  INFO    CommunicationManager is initialized. (at /Users/OndrejPittl/ZCU/All-Over-Again/aoa_server/core/Logger.cpp:68, thrd: )
20-12-2016 11:42:27  INFO    Server is listening on port 23456. (at /Users/OndrejPittl/ZCU/All-Over-Again/aoa_server/core/Logger.cpp:68, thrd: )
20-12-2016 11:42:27  INFO    Server is waiting for a request... (at /Users/OndrejPittl/ZCU/All-Over-Again/aoa_server/core/Logger.cpp:68, thrd: )
20-12-2016 11:42:40  INFO    Server recognized a new request. (at /Users/OndrejPittl/ZCU/All-Over-Again/aoa_server/core/Logger.cpp:68, thrd: )
20-12-2016 11:42:40  INFO    New client connected to socket: 6. (at /Users/OndrejPittl/ZCU/All-Over-Again/aoa_server/core/Logger.cpp:68, thrd: )
20-12-2016 11:42:40  INFO    A client was disconnected and removed from the set. (at /Users/OndrejPittl/ZCU/All-Over-Again/aoa_server/core/Logger.cpp:68, thrd: )
20-12-2016 11:42:40  INFO    Server is waiting for a request... (at /Users/OndrejPittl/ZCU/All-Over-Again/aoa_server/core/Logger.cpp:68, thrd: )
20-12-2016 11:46:01  INFO    ------ Starting server ------- (at /Users/OndrejPittl/ZCU/All-Over-Again/aoa_server/core/Logger.cpp:68, thrd: )
20-12-2016 11:46:01  INFO    Input args are OK! (at /Users/OndrejPittl/ZCU/All-Over-Again/aoa_server/core/Logger.cpp:68, thrd: )
20-12-2016 11:46:01  INFO    ConnectionManager is initialized. (at /Users/OndrejPittl/ZCU/All-Over-Again/aoa_server/core/Logger.cpp:68, thrd: )
20-12-2016 11:46:01  INFO    CommunicationManager is initialized. (at /Users/OndrejPittl/ZCU/All-Over-Again/aoa_server/core/Logger.cpp:68, thrd: )
20-12-2016 11:46:01  INFO    Server is listening on port 23456. (at /Users/OndrejPittl/ZCU/All-Over-Again/aoa_server/core/Logger.cpp:68, thrd: )
20-12-2016 11:46:01  INFO    Server is waiting for a request... (at /Users/OndrejPittl/ZCU/All-Over-Again/aoa_server/core/Logger.cpp:68, thrd: )
20-12-2016 11:46:08  INFO    Server recognized a new request. (at /Users/OndrejPittl/ZCU/All-Over-Again/aoa_server/core/Logger.cpp:68, thrd: )
20-12-2016 11:46:08  INFO    New client connected to socket: 6. (at /Users/OndrejPittl/ZCU/All-Over-Again/aoa_server/core/Logger.cpp:68, thrd: )
20-12-2016 11:46:08  INFO    Server is waiting for a request... (at /Users/OndrejPittl/ZCU/All-Over-Again/aoa_server/core/Logger.cpp:68, thrd: )
20-12-2016 11:47:31  INFO    Server recognized a new request. (at /Users/OndrejPittl/ZCU/All-Over-Again/aoa_server/core/Logger.cpp:68, thrd: )
20-12-2016 11:47:31  INFO    New client connected to socket: 7. (at /Users/OndrejPittl/ZCU/All-Over-Again/aoa_server/core/Logger.cpp:68, thrd: )
20-12-2016 11:47:31  INFO    Server is waiting for a request... (at /Users/OndrejPittl/ZCU/All-Over-Again/aoa_server/core/Logger.cpp:68, thrd: )
20-12-2016 15:31:57  INFO    ------ Starting server ------- (at /Users/OndrejPittl/ZCU/All-Over-Again/aoa_server/core/Logger.cpp:68, thrd: )
20-12-2016 15:31:57  INFO    Input args are OK! (at /Users/OndrejPittl/ZCU/All-Over-Again/aoa_server/core/Logger.cpp:68, thrd: )
20-12-2016 15:31:57  INFO    ConnectionManager is initialized. (at /Users/OndrejPittl/ZCU/All-Over-Again/aoa_server/core/Logger.cpp:68, thrd: )
20-12-2016 15:31:57  INFO    CommunicationManager is initialized. (at /Users/OndrejPittl/ZCU/All-Over-Again/aoa_server/core/Logger.cpp:68, thrd: )
20-12-2016 15:31:57  INFO    Server is listening on port 23456. (at /Users/OndrejPittl/ZCU/All-Over-Again/aoa_server/core/Logger.cpp:68, thrd: )
20-12-2016 15:31:57  INFO    Server is waiting for a request... (at /Users/OndrejPittl/ZCU/All-Over-Again/aoa_server/core/Logger.cpp:68, thrd: )
20-12-2016 15:32:00  INFO    Server recognized a new request. (at /Users/OndrejPittl/ZCU/All-Over-Again/aoa_server/core/Logger.cpp:68, thrd: )
20-12-2016 15:32:00  INFO    New client connected to socket: 6. (at /Users/OndrejPittl/ZCU/All-Over-Again/aoa_server/core/Logger.cpp:68, thrd: )
20-12-2016 15:32:00  INFO    Server is waiting for a request... (at /Users/OndrejPittl/ZCU/All-Over-Again/aoa_server/core/Logger.cpp:68, thrd: )
20-12-2016 15:32:02  INFO    Server recognized a new request. (at /Users/OndrejPittl/ZCU/All-Over-Again/aoa_server/core/Logger.cpp:68, thrd: )
20-12-2016 15:32:02  INFO    Server is waiting for a request... (at /Users/OndrejPittl/ZCU/All-Over-Again/aoa_server/core/Logger.cpp:68, thrd: )
20-12-2016 15:32:04  INFO    Server recognized a new request. (at /Users/OndrejPittl/ZCU/All-Over-Again/aoa_server/core/Logger.cpp:68, thrd: )
20-12-2016 15:32:04  INFO    A client was disconnected and removed from the set. (at /Users/OndrejPittl/ZCU/All-Over-Again/aoa_server/core/Logger.cpp:68, thrd: )
20-12-2016 15:32:04  INFO    Server is waiting for a request... (at /Users/OndrejPittl/ZCU/All-Over-Again/aoa_server/core/Logger.cpp:68, thrd: )
20-12-2016 15:32:04  INFO    Server recognized a new request. (at /Users/OndrejPittl/ZCU/All-Over-Again/aoa_server/core/Logger.cpp:68, thrd: )
20-12-2016 15:32:04  ERROR   Select error at select(). (at /Users/OndrejPittl/ZCU/All-Over-Again/aoa_server/core/Logger.cpp:56, thrd: )
20-12-2016 15:34:50  INFO    ------ Starting server ------- (at /Users/OndrejPittl/ZCU/All-Over-Again/aoa_server/core/Logger.cpp:68, thrd: )
20-12-2016 15:34:50  INFO    Input args are OK! (at /Users/OndrejPittl/ZCU/All-Over-Again/aoa_server/core/Logger.cpp:68, thrd: )
20-12-2016 15:34:50  INFO    ConnectionManager is initialized. (at /Users/OndrejPittl/ZCU/All-Over-Again/aoa_server/core/Logger.cpp:68, thrd: )
20-12-2016 15:34:50  INFO    CommunicationManager is initialized. (at /Users/OndrejPittl/ZCU/All-Over-Again/aoa_server/core/Logger.cpp:68, thrd: )
20-12-2016 15:34:50  INFO    Server is listening on port 23456. (at /Users/OndrejPittl/ZCU/All-Over-Again/aoa_server/core/Logger.cpp:68, thrd: )
20-12-2016 15:34:50  INFO    Server is waiting for a request... (at /Users/OndrejPittl/ZCU/All-Over-Again/aoa_server/core/Logger.cpp:68, thrd: )
20-12-2016 15:34:53  INFO    Server recognized a new request. (at /Users/OndrejPittl/ZCU/All-Over-Again/aoa_server/core/Logger.cpp:68, thrd: )
20-12-2016 15:34:53  INFO    New client connected to socket: 6. (at /Users/OndrejPittl/ZCU/All-Over-Again/aoa_server/core/Logger.cpp:68, thrd: )
20-12-2016 15:34:53  INFO    Server is waiting for a request... (at /Users/OndrejPittl/ZCU/All-Over-Again/aoa_server/core/Logger.cpp:68, thrd: )
20-12-2016 15:34:56  INFO    Server recognized a new request. (at /Users/OndrejPittl/ZCU/All-Over-Again/aoa_server/core/Logger.cpp:68, thrd: )
20-12-2016 15:34:56  INFO    Server is waiting for a request... (at /Users/OndrejPittl/ZCU/All-Over-Again/aoa_server/core/Logger.cpp:68, thrd: )
20-12-2016 15:34:57  INFO    Server recognized a new request. (at /Users/OndrejPittl/ZCU/All-Over-Again/aoa_server/core/Logger.cpp:68, thrd: )
20-12-2016 15:34:57  INFO    Server is waiting for a request... (at /Users/OndrejPittl/ZCU/All-Over-Again/aoa_server/core/Logger.cpp:68, thrd: )
20-12-2016 15:35:00  INFO    Server recognized a new request. (at /Users/OndrejPittl/ZCU/All-Over-Again/aoa_server/core/Logger.cpp:68, thrd: )
20-12-2016 15:35:00  INFO    A client was disconnected and removed from the set. (at /Users/OndrejPittl/ZCU/All-Over-Again/aoa_server/core/Logger.cpp:68, thrd: )
20-12-2016 15:35:00  INFO    Server is waiting for a request... (at /Users/OndrejPittl/ZCU/All-Over-Again/aoa_server/core/Logger.cpp:68, thrd: )
20-12-2016 15:35:03  INFO    Server recognized a new request. (at /Users/OndrejPittl/ZCU/All-Over-Again/aoa_server/core/Logger.cpp:68, thrd: )
20-12-2016 15:35:03  INFO    New client connected to socket: 6. (at /Users/OndrejPittl/ZCU/All-Over-Again/aoa_server/core/Logger.cpp:68, thrd: )
20-12-2016 15:35:03  INFO    Server is waiting for a request... (at /Users/OndrejPittl/ZCU/All-Over-Again/aoa_server/core/Logger.cpp:68, thrd: )
20-12-2016 15:35:05  INFO    Server recognized a new request. (at /Users/OndrejPittl/ZCU/All-Over-Again/aoa_server/core/Logger.cpp:68, thrd: )
20-12-2016 15:35:05  INFO    Server is waiting for a request... (at /Users/OndrejPittl/ZCU/All-Over-Again/aoa_server/core/Logger.cpp:68, thrd: )
20-12-2016 15:35:14  INFO    Server recognized a new request. (at /Users/OndrejPittl/ZCU/All-Over-Again/aoa_server/core/Logger.cpp:68, thrd: )
20-12-2016 15:35:14  INFO    New client connected to socket: 7. (at /Users/OndrejPittl/ZCU/All-Over-Again/aoa_server/core/Logger.cpp:68, thrd: )
20-12-2016 15:35:14  INFO    Server is waiting for a request... (at /Users/OndrejPittl/ZCU/All-Over-Again/aoa_server/core/Logger.cpp:68, thrd: )
20-12-2016 15:35:17  INFO    Server recognized a new request. (at /Users/OndrejPittl/ZCU/All-Over-Again/aoa_server/core/Logger.cpp:68, thrd: )
20-12-2016 15:35:17  INFO    Server is waiting for a request... (at /Users/OndrejPittl/ZCU/All-Over-Again/aoa_server/core/Logger.cpp:68, thrd: )
20-12-2016 15:35:19  INFO    Server recognized a new request. (at /Users/OndrejPittl/ZCU/All-Over-Again/aoa_server/core/Logger.cpp:68, thrd: )
20-12-2016 15:35:19  INFO    Server is waiting for a request... (at /Users/OndrejPittl/ZCU/All-Over-Again/aoa_server/core/Logger.cpp:68, thrd: )
20-12-2016 15:35:27  INFO    Server recognized a new request. (at /Users/OndrejPittl/ZCU/All-Over-Again/aoa_server/core/Logger.cpp:68, thrd: )
20-12-2016 15:35:27  INFO    A client was disconnected and removed from the set. (at /Users/OndrejPittl/ZCU/All-Over-Again/aoa_server/core/Logger.cpp:68, thrd: )
20-12-2016 15:35:27  INFO    Server is waiting for a request... (at /Users/OndrejPittl/ZCU/All-Over-Again/aoa_server/core/Logger.cpp:68, thrd: )
20-12-2016 15:35:29  INFO    Server recognized a new request. (at /Users/OndrejPittl/ZCU/All-Over-Again/aoa_server/core/Logger.cpp:68, thrd: )
20-12-2016 15:35:29  INFO    A client was disconnected and removed from the set. (at /Users/OndrejPittl/ZCU/All-Over-Again/aoa_server/core/Logger.cpp:68, thrd: )
20-12-2016 15:35:29  INFO    Server is waiting for a request... (at /Users/OndrejPittl/ZCU/All-Over-Again/aoa_server/core/Logger.cpp:68, thrd: )
20-12-2016 15:36:14  INFO    ------ Starting server ------- (at /Users/OndrejPittl/ZCU/All-Over-Again/aoa_server/core/Logger.cpp:68, thrd: )
20-12-2016 15:36:14  INFO    Input args are OK! (at /Users/OndrejPittl/ZCU/All-Over-Again/aoa_server/core/Logger.cpp:68, thrd: )
20-12-2016 15:36:14  INFO    ConnectionManager is initialized. (at /Users/OndrejPittl/ZCU/All-Over-Again/aoa_server/core/Logger.cpp:68, thrd: )
20-12-2016 15:36:14  INFO    CommunicationManager is initialized. (at /Users/OndrejPittl/ZCU/All-Over-Again/aoa_server/core/Logger.cpp:68, thrd: )
20-12-2016 15:36:14  INFO    Server is listening on port 23456. (at /Users/OndrejPittl/ZCU/All-Over-Again/aoa_server/core/Logger.cpp:68, thrd: )
20-12-2016 15:36:14  INFO    Server is waiting for a request... (at /Users/OndrejPittl/ZCU/All-Over-Again/aoa_server/core/Logger.cpp:68, thrd: )
20-12-2016 15:36:16  INFO    Server recognized a new request. (at /Users/OndrejPittl/ZCU/All-Over-Again/aoa_server/core/Logger.cpp:68, thrd: )
20-12-2016 15:36:16  INFO    New client connected to socket: 6. (at /Users/OndrejPittl/ZCU/All-Over-Again/aoa_server/core/Logger.cpp:68, thrd: )
20-12-2016 15:36:16  INFO    Server is waiting for a request... (at /Users/OndrejPittl/ZCU/All-Over-Again/aoa_server/core/Logger.cpp:68, thrd: )
20-12-2016 15:36:18  INFO    Server recognized a new request. (at /Users/OndrejPittl/ZCU/All-Over-Again/aoa_server/core/Logger.cpp:68, thrd: )
20-12-2016 15:36:18  INFO    Server is waiting for a request... (at /Users/OndrejPittl/ZCU/All-Over-Again/aoa_server/core/Logger.cpp:68, thrd: )
20-12-2016 15:36:19  INFO    Server recognized a new request. (at /Users/OndrejPittl/ZCU/All-Over-Again/aoa_server/core/Logger.cpp:68, thrd: )
20-12-2016 15:36:19  INFO    A client was disconnected and removed from the set. (at /Users/OndrejPittl/ZCU/All-Over-Again/aoa_server/core/Logger.cpp:68, thrd: )
20-12-2016 15:36:19  INFO    Server is waiting for a request... (at /Users/OndrejPittl/ZCU/All-Over-Again/aoa_server/core/Logger.cpp:68, thrd: )
20-12-2016 15:36:22  INFO    Server recognized a new request. (at /Users/OndrejPittl/ZCU/All-Over-Again/aoa_server/core/Logger.cpp:68, thrd: )
20-12-2016 15:36:22  INFO    New client connected to socket: 6. (at /Users/OndrejPittl/ZCU/All-Over-Again/aoa_server/core/Logger.cpp:68, thrd: )
20-12-2016 15:36:22  INFO    Server is waiting for a request... (at /Users/OndrejPittl/ZCU/All-Over-Again/aoa_server/core/Logger.cpp:68, thrd: )
20-12-2016 15:36:25  INFO    Server recognized a new request. (at /Users/OndrejPittl/ZCU/All-Over-Again/aoa_server/core/Logger.cpp:68, thrd: )
20-12-2016 15:36:25  INFO    Server is waiting for a request... (at /Users/OndrejPittl/ZCU/All-Over-Again/aoa_server/core/Logger.cpp:68, thrd: )
20-12-2016 15:36:26  INFO    Server recognized a new request. (at /Users/OndrejPittl/ZCU/All-Over-Again/aoa_server/core/Logger.cpp:68, thrd: )
20-12-2016 15:36:26  INFO    A client was disconnected and removed from the set. (at /Users/OndrejPittl/ZCU/All-Over-Again/aoa_server/core/Logger.cpp:68, thrd: )
20-12-2016 15:36:26  INFO    Server is waiting for a request... (at /Users/OndrejPittl/ZCU/All-Over-Again/aoa_server/core/Logger.cpp:68, thrd: )
20-12-2016 15:54:45  INFO    ------ Starting server ------- (at /Users/OndrejPittl/ZCU/All-Over-Again/aoa_server/core/Logger.cpp:68, thrd: )
20-12-2016 15:54:45  INFO    Input args are OK! (at /Users/OndrejPittl/ZCU/All-Over-Again/aoa_server/core/Logger.cpp:68, thrd: )
20-12-2016 15:54:45  INFO    ConnectionManager is initialized. (at /Users/OndrejPittl/ZCU/All-Over-Again/aoa_server/core/Logger.cpp:68, thrd: )
20-12-2016 15:54:45  INFO    CommunicationManager is initialized. (at /Users/OndrejPittl/ZCU/All-Over-Again/aoa_server/core/Logger.cpp:68, thrd: )
20-12-2016 15:54:45  INFO    Server is listening on port 23456. (at /Users/OndrejPittl/ZCU/All-Over-Again/aoa_server/core/Logger.cpp:68, thrd: )
20-12-2016 15:54:45  INFO    Server is waiting for a request... (at /Users/OndrejPittl/ZCU/All-Over-Again/aoa_server/core/Logger.cpp:68, thrd: )
20-12-2016 15:54:49  INFO    Server recognized a new request. (at /Users/OndrejPittl/ZCU/All-Over-Again/aoa_server/core/Logger.cpp:68, thrd: )
20-12-2016 15:54:49  INFO    New client connected to socket: 6. (at /Users/OndrejPittl/ZCU/All-Over-Again/aoa_server/core/Logger.cpp:68, thrd: )
20-12-2016 15:54:49  INFO    Server is waiting for a request... (at /Users/OndrejPittl/ZCU/All-Over-Again/aoa_server/core/Logger.cpp:68, thrd: )
20-12-2016 15:54:51  INFO    Server recognized a new request. (at /Users/OndrejPittl/ZCU/All-Over-Again/aoa_server/core/Logger.cpp:68, thrd: )
20-12-2016 15:54:51  INFO    Server is waiting for a request... (at /Users/OndrejPittl/ZCU/All-Over-Again/aoa_server/core/Logger.cpp:68, thrd: )
20-12-2016 15:54:53  INFO    Server recognized a new request. (at /Users/OndrejPittl/ZCU/All-Over-Again/aoa_server/core/Logger.cpp:68, thrd: )
20-12-2016 15:54:53  INFO    Server is waiting for a request... (at /Users/OndrejPittl/ZCU/All-Over-Again/aoa_server/core/Logger.cpp:68, thrd: )
20-12-2016 15:55:01  INFO    Server recognized a new request. (at /Users/OndrejPittl/ZCU/All-Over-Again/aoa_server/core/Logger.cpp:68, thrd: )
20-12-2016 15:55:01  INFO    New client connected to socket: 7. (at /Users/OndrejPittl/ZCU/All-Over-Again/aoa_server/core/Logger.cpp:68, thrd: )
20-12-2016 15:55:01  INFO    Server is waiting for a request... (at /Users/OndrejPittl/ZCU/All-Over-Again/aoa_server/core/Logger.cpp:68, thrd: )
20-12-2016 15:55:06  INFO    Server recognized a new request. (at /Users/OndrejPittl/ZCU/All-Over-Again/aoa_server/core/Logger.cpp:68, thrd: )
20-12-2016 15:55:06  INFO    Server is waiting for a request... (at /Users/OndrejPittl/ZCU/All-Over-Again/aoa_server/core/Logger.cpp:68, thrd: )
20-12-2016 15:55:08  INFO    Server recognized a new request. (at /Users/OndrejPittl/ZCU/All-Over-Again/aoa_server/core/Logger.cpp:68, thrd: )
20-12-2016 15:55:08  INFO    Server is waiting for a request... (at /Users/OndrejPittl/ZCU/All-Over-Again/aoa_server/core/Logger.cpp:68, thrd: )
20-12-2016 15:55:11  INFO    Server recognized a new request. (at /Users/OndrejPittl/ZCU/All-Over-Again/aoa_server/core/Logger.cpp:68, thrd: )
20-12-2016 15:55:11  INFO    A client was disconnected and removed from the set. (at /Users/OndrejPittl/ZCU/All-Over-Again/aoa_server/core/Logger.cpp:68, thrd: )
20-12-2016 15:55:11  INFO    Server is waiting for a request... (at /Users/OndrejPittl/ZCU/All-Over-Again/aoa_server/core/Logger.cpp:68, thrd: )
20-12-2016 15:55:14  INFO    Server recognized a new request. (at /Users/OndrejPittl/ZCU/All-Over-Again/aoa_server/core/Logger.cpp:68, thrd: )
20-12-2016 15:55:14  INFO    New client connected to socket: 7. (at /Users/OndrejPittl/ZCU/All-Over-Again/aoa_server/core/Logger.cpp:68, thrd: )
20-12-2016 15:55:14  INFO    Server is waiting for a request... (at /Users/OndrejPittl/ZCU/All-Over-Again/aoa_server/core/Logger.cpp:68, thrd: )
20-12-2016 15:55:15  INFO    Server recognized a new request. (at /Users/OndrejPittl/ZCU/All-Over-Again/aoa_server/core/Logger.cpp:68, thrd: )
20-12-2016 15:55:15  INFO    Server is waiting for a request... (at /Users/OndrejPittl/ZCU/All-Over-Again/aoa_server/core/Logger.cpp:68, thrd: )
20-12-2016 15:55:17  INFO    Server recognized a new request. (at /Users/OndrejPittl/ZCU/All-Over-Again/aoa_server/core/Logger.cpp:68, thrd: )
20-12-2016 15:55:17  INFO    A client was disconnected and removed from the set. (at /Users/OndrejPittl/ZCU/All-Over-Again/aoa_server/core/Logger.cpp:68, thrd: )
20-12-2016 15:55:17  INFO    Server is waiting for a request... (at /Users/OndrejPittl/ZCU/All-Over-Again/aoa_server/core/Logger.cpp:68, thrd: )
20-12-2016 15:55:20  INFO    Server recognized a new request. (at /Users/OndrejPittl/ZCU/All-Over-Again/aoa_server/core/Logger.cpp:68, thrd: )
20-12-2016 15:55:20  INFO    A client was disconnected and removed from the set. (at /Users/OndrejPittl/ZCU/All-Over-Again/aoa_server/core/Logger.cpp:68, thrd: )
20-12-2016 15:55:20  INFO    Server is waiting for a request... (at /Users/OndrejPittl/ZCU/All-Over-Again/aoa_server/core/Logger.cpp:68, thrd: )
